<?xml version="1.0" encoding="UTF-8"?>
<coverage generated="1604893663156" clover="3.2.0">
  <project timestamp="1604893663156" name="All files">
    <metrics statements="61" coveredstatements="43" conditionals="6" coveredconditionals="5" methods="34" coveredmethods="23" elements="101" coveredelements="71" complexity="0" loc="61" ncloc="61" packages="5" files="9" classes="9"/>
    <package name="components">
      <metrics statements="8" coveredstatements="8" conditionals="2" coveredconditionals="2" methods="5" coveredmethods="5"/>
      <file name="Footer.vue" path="C:\Users\vbellamt\Desktop\vue\dog-breed\src\components\Footer.vue">
        <metrics statements="1" coveredstatements="1" conditionals="0" coveredconditionals="0" methods="1" coveredmethods="1"/>
        <line num="11" count="5" type="stmt"/>
      </file>
      <file name="Header.vue" path="C:\Users\vbellamt\Desktop\vue\dog-breed\src\components\Header.vue">
        <metrics statements="1" coveredstatements="1" conditionals="0" coveredconditionals="0" methods="1" coveredmethods="1"/>
        <line num="13" count="4" type="stmt"/>
      </file>
      <file name="Search.vue" path="C:\Users\vbellamt\Desktop\vue\dog-breed\src\components\Search.vue">
        <metrics statements="6" coveredstatements="6" conditionals="2" coveredconditionals="2" methods="3" coveredmethods="3"/>
        <line num="28" count="6" type="stmt"/>
        <line num="36" count="4" type="stmt"/>
        <line num="37" count="4" type="cond" truecount="2" falsecount="0"/>
        <line num="38" count="2" type="stmt"/>
        <line num="40" count="2" type="stmt"/>
        <line num="44" count="1" type="stmt"/>
      </file>
    </package>
    <package name="router">
      <metrics statements="3" coveredstatements="3" conditionals="0" coveredconditionals="0" methods="0" coveredmethods="0"/>
      <file name="index.js" path="C:\Users\vbellamt\Desktop\vue\dog-breed\src\router\index.js">
        <metrics statements="3" coveredstatements="3" conditionals="0" coveredconditionals="0" methods="0" coveredmethods="0"/>
        <line num="7" count="2" type="stmt"/>
        <line num="9" count="2" type="stmt"/>
        <line num="27" count="2" type="stmt"/>
      </file>
    </package>
    <package name="service">
      <metrics statements="6" coveredstatements="2" conditionals="2" coveredconditionals="1" methods="4" coveredmethods="1"/>
      <file name="api.service.js" path="C:\Users\vbellamt\Desktop\vue\dog-breed\src\service\api.service.js">
        <metrics statements="6" coveredstatements="2" conditionals="2" coveredconditionals="1" methods="4" coveredmethods="1"/>
        <line num="4" count="6" type="cond" truecount="1" falsecount="1"/>
        <line num="5" count="6" type="stmt"/>
        <line num="8" count="0" type="stmt"/>
        <line num="12" count="0" type="stmt"/>
        <line num="15" count="0" type="stmt"/>
        <line num="18" count="0" type="stmt"/>
      </file>
    </package>
    <package name="store">
      <metrics statements="24" coveredstatements="13" conditionals="0" coveredconditionals="0" methods="15" coveredmethods="9"/>
      <file name="index.js" path="C:\Users\vbellamt\Desktop\vue\dog-breed\src\store\index.js">
        <metrics statements="24" coveredstatements="13" conditionals="0" coveredconditionals="0" methods="15" coveredmethods="9"/>
        <line num="2" count="1" type="stmt"/>
        <line num="10" count="1" type="stmt"/>
        <line num="12" count="1" type="stmt"/>
        <line num="15" count="1" type="stmt"/>
        <line num="18" count="1" type="stmt"/>
        <line num="21" count="1" type="stmt"/>
        <line num="24" count="1" type="stmt"/>
        <line num="27" count="1" type="stmt"/>
        <line num="30" count="1" type="stmt"/>
        <line num="32" count="1" type="stmt"/>
        <line num="33" count="1" type="stmt"/>
        <line num="34" count="1" type="stmt"/>
        <line num="37" count="1" type="stmt"/>
        <line num="41" count="0" type="stmt"/>
        <line num="42" count="0" type="stmt"/>
        <line num="43" count="0" type="stmt"/>
        <line num="44" count="0" type="stmt"/>
        <line num="45" count="0" type="stmt"/>
        <line num="46" count="0" type="stmt"/>
        <line num="47" count="0" type="stmt"/>
        <line num="48" count="0" type="stmt"/>
        <line num="49" count="0" type="stmt"/>
        <line num="52" count="0" type="stmt"/>
        <line num="57" count="0" type="stmt"/>
      </file>
    </package>
    <package name="views">
      <metrics statements="20" coveredstatements="17" conditionals="2" coveredconditionals="2" methods="10" coveredmethods="8"/>
      <file name="About.vue" path="C:\Users\vbellamt\Desktop\vue\dog-breed\src\views\About.vue">
        <metrics statements="7" coveredstatements="4" conditionals="0" coveredconditionals="0" methods="5" coveredmethods="3"/>
        <line num="26" count="3" type="stmt"/>
        <line num="30" count="6" type="stmt"/>
        <line num="38" count="1" type="stmt"/>
        <line num="42" count="6" type="stmt"/>
        <line num="44" count="0" type="stmt"/>
        <line num="45" count="0" type="stmt"/>
        <line num="48" count="0" type="stmt"/>
      </file>
      <file name="Home.vue" path="C:\Users\vbellamt\Desktop\vue\dog-breed\src\views\Home.vue">
        <metrics statements="12" coveredstatements="12" conditionals="2" coveredconditionals="2" methods="4" coveredmethods="4"/>
        <line num="45" count="3" type="stmt"/>
        <line num="46" count="3" type="stmt"/>
        <line num="47" count="3" type="stmt"/>
        <line num="51" count="12" type="stmt"/>
        <line num="58" count="12" type="stmt"/>
        <line num="59" count="12" type="stmt"/>
        <line num="68" count="2" type="stmt"/>
        <line num="69" count="2" type="stmt"/>
        <line num="70" count="2" type="cond" truecount="2" falsecount="0"/>
        <line num="71" count="1" type="stmt"/>
        <line num="73" count="1" type="stmt"/>
        <line num="79" count="1" type="stmt"/>
      </file>
      <file name="PageNotFound.vue" path="C:\Users\vbellamt\Desktop\vue\dog-breed\src\views\PageNotFound.vue">
        <metrics statements="1" coveredstatements="1" conditionals="0" coveredconditionals="0" methods="1" coveredmethods="1"/>
        <line num="20" count="1" type="stmt"/>
      </file>
    </package>
  </project>
</coverage>
