{"C:\\Users\\vbellamt\\Desktop\\vue\\dog-breed\\src\\api.service.js": {"path":"C:\\Users\\vbellamt\\Desktop\\vue\\dog-breed\\src\\api.service.js","statementMap":{"0":{"start":{"line":4,"column":4},"end":{"line":11,"column":5}},"1":{"start":{"line":6,"column":4},"end":{"line":6,"column":78}},"2":{"start":{"line":10,"column":8},"end":{"line":10,"column":98}}},"fnMap":{"0":{"name":"getAllDogImage","decl":{"start":{"line":3,"column":16},"end":{"line":3,"column":30}},"loc":{"start":{"line":3,"column":52},"end":{"line":12,"column":1}},"line":3}},"branchMap":{"0":{"loc":{"start":{"line":4,"column":4},"end":{"line":11,"column":5}},"type":"if","locations":[{"start":{"line":4,"column":4},"end":{"line":11,"column":5}},{"start":{"line":4,"column":4},"end":{"line":11,"column":5}}],"line":4}},"s":{"0":0,"1":0,"2":0},"f":{"0":0},"b":{"0":[0,0]},"hash":"072dec464d7b27b5e569fa3fdd9b592595d94e8a"}
,"C:\\Users\\vbellamt\\Desktop\\vue\\dog-breed\\src\\components\\Search.vue": {"path":"C:\\Users\\vbellamt\\Desktop\\vue\\dog-breed\\src\\components\\Search.vue","statementMap":{"0":{"start":{"line":20,"column":0},"end":{"line":20,"column":null}},"1":{"start":{"line":29,"column":0},"end":{"line":36,"column":null}},"2":{"start":{"line":31,"column":0},"end":{"line":31,"column":null}},"3":{"start":{"line":35,"column":0},"end":{"line":35,"column":null}},"4":{"start":{"line":39,"column":0},"end":{"line":42,"column":null}},"5":{"start":{"line":41,"column":0},"end":{"line":41,"column":null}}},"fnMap":{"0":{"name":"(anonymous_1)","decl":{"start":{"line":19,"column":0},"end":{"line":19,"column":null}},"loc":{"start":{"line":19,"column":0},"end":{"line":25,"column":null}}},"1":{"name":"(anonymous_2)","decl":{"start":{"line":28,"column":0},"end":{"line":28,"column":null}},"loc":{"start":{"line":28,"column":0},"end":{"line":37,"column":null}}},"2":{"name":"(anonymous_3)","decl":{"start":{"line":38,"column":0},"end":{"line":38,"column":null}},"loc":{"start":{"line":38,"column":0},"end":{"line":43,"column":null}}}},"branchMap":{"0":{"loc":{"start":{"line":29,"column":0},"end":{"line":36,"column":null}},"type":"if","locations":[{"start":{"line":29,"column":0},"end":{"line":36,"column":null}},{"start":{"line":29,"column":0},"end":{"line":36,"column":null}}]},"1":{"loc":{"start":{"line":39,"column":0},"end":{"line":42,"column":null}},"type":"if","locations":[{"start":{"line":39,"column":0},"end":{"line":42,"column":null}},{"start":{"line":39,"column":0},"end":{"line":42,"column":null}}]}},"s":{"0":3,"1":1,"2":0,"3":0,"4":0,"5":0},"f":{"0":3,"1":1,"2":0},"b":{"0":[0,0],"1":[0,0]}}
,"C:\\Users\\vbellamt\\Desktop\\vue\\dog-breed\\src\\router\\index.js": {"path":"C:\\Users\\vbellamt\\Desktop\\vue\\dog-breed\\src\\router\\index.js","statementMap":{"0":{"start":{"line":7,"column":0},"end":{"line":7,"column":19}},"1":{"start":{"line":9,"column":15},"end":{"line":24,"column":1}},"2":{"start":{"line":26,"column":15},"end":{"line":30,"column":2}}},"fnMap":{},"branchMap":{},"s":{"0":0,"1":0,"2":0},"f":{},"b":{},"hash":"62c266b621918ab961037649a6f73fd3968648da"}
,"C:\\Users\\vbellamt\\Desktop\\vue\\dog-breed\\src\\store\\index.js": {"path":"C:\\Users\\vbellamt\\Desktop\\vue\\dog-breed\\src\\store\\index.js","statementMap":{"0":{"start":{"line":7,"column":0},"end":{"line":7,"column":20}},"1":{"start":{"line":20,"column":6},"end":{"line":20,"column":47}},"2":{"start":{"line":23,"column":6},"end":{"line":23,"column":34}},"3":{"start":{"line":26,"column":6},"end":{"line":26,"column":32}},"4":{"start":{"line":30,"column":6},"end":{"line":30,"column":42}},"5":{"start":{"line":33,"column":6},"end":{"line":33,"column":50}},"6":{"start":{"line":34,"column":6},"end":{"line":34,"column":28}},"7":{"start":{"line":37,"column":6},"end":{"line":37,"column":60}},"8":{"start":{"line":38,"column":6},"end":{"line":38,"column":34}},"9":{"start":{"line":43,"column":6},"end":{"line":49,"column":8}},"10":{"start":{"line":44,"column":33},"end":{"line":44,"column":52}},"11":{"start":{"line":45,"column":8},"end":{"line":45,"column":56}},"12":{"start":{"line":48,"column":8},"end":{"line":48,"column":27}},"13":{"start":{"line":52,"column":6},"end":{"line":72,"column":8}},"14":{"start":{"line":53,"column":25},"end":{"line":53,"column":57}},"15":{"start":{"line":54,"column":8},"end":{"line":54,"column":43}},"16":{"start":{"line":55,"column":22},"end":{"line":55,"column":41}},"17":{"start":{"line":56,"column":8},"end":{"line":56,"column":41}},"18":{"start":{"line":57,"column":8},"end":{"line":67,"column":10}},"19":{"start":{"line":58,"column":10},"end":{"line":65,"column":12}},"20":{"start":{"line":60,"column":22},"end":{"line":60,"column":41}},"21":{"start":{"line":61,"column":10},"end":{"line":61,"column":47}},"22":{"start":{"line":64,"column":12},"end":{"line":64,"column":31}},"23":{"start":{"line":71,"column":8},"end":{"line":71,"column":27}}},"fnMap":{"0":{"name":"(anonymous_0)","decl":{"start":{"line":19,"column":4},"end":{"line":19,"column":5}},"loc":{"start":{"line":19,"column":49},"end":{"line":21,"column":5}},"line":19},"1":{"name":"(anonymous_1)","decl":{"start":{"line":22,"column":4},"end":{"line":22,"column":5}},"loc":{"start":{"line":22,"column":36},"end":{"line":24,"column":5}},"line":22},"2":{"name":"(anonymous_2)","decl":{"start":{"line":25,"column":4},"end":{"line":25,"column":5}},"loc":{"start":{"line":25,"column":34},"end":{"line":28,"column":5}},"line":25},"3":{"name":"(anonymous_3)","decl":{"start":{"line":29,"column":4},"end":{"line":29,"column":5}},"loc":{"start":{"line":29,"column":38},"end":{"line":31,"column":5}},"line":29},"4":{"name":"(anonymous_4)","decl":{"start":{"line":32,"column":4},"end":{"line":32,"column":5}},"loc":{"start":{"line":32,"column":30},"end":{"line":35,"column":5}},"line":32},"5":{"name":"(anonymous_5)","decl":{"start":{"line":36,"column":4},"end":{"line":36,"column":5}},"loc":{"start":{"line":36,"column":36},"end":{"line":39,"column":5}},"line":36},"6":{"name":"(anonymous_6)","decl":{"start":{"line":42,"column":4},"end":{"line":42,"column":5}},"loc":{"start":{"line":42,"column":35},"end":{"line":50,"column":5}},"line":42},"7":{"name":"(anonymous_7)","decl":{"start":{"line":43,"column":67},"end":{"line":43,"column":68}},"loc":{"start":{"line":43,"column":77},"end":{"line":46,"column":7}},"line":43},"8":{"name":"(anonymous_8)","decl":{"start":{"line":47,"column":13},"end":{"line":47,"column":14}},"loc":{"start":{"line":47,"column":20},"end":{"line":49,"column":7}},"line":47},"9":{"name":"(anonymous_9)","decl":{"start":{"line":51,"column":4},"end":{"line":51,"column":5}},"loc":{"start":{"line":51,"column":28},"end":{"line":73,"column":5}},"line":51},"10":{"name":"(anonymous_10)","decl":{"start":{"line":52,"column":60},"end":{"line":52,"column":61}},"loc":{"start":{"line":52,"column":70},"end":{"line":69,"column":7}},"line":52},"11":{"name":"(anonymous_11)","decl":{"start":{"line":57,"column":32},"end":{"line":57,"column":33}},"loc":{"start":{"line":57,"column":43},"end":{"line":67,"column":9}},"line":57},"12":{"name":"(anonymous_12)","decl":{"start":{"line":58,"column":79},"end":{"line":58,"column":80}},"loc":{"start":{"line":58,"column":89},"end":{"line":62,"column":11}},"line":58},"13":{"name":"(anonymous_13)","decl":{"start":{"line":63,"column":17},"end":{"line":63,"column":18}},"loc":{"start":{"line":63,"column":24},"end":{"line":65,"column":11}},"line":63},"14":{"name":"(anonymous_14)","decl":{"start":{"line":70,"column":13},"end":{"line":70,"column":14}},"loc":{"start":{"line":70,"column":20},"end":{"line":72,"column":7}},"line":70}},"branchMap":{},"s":{"0":1,"1":0,"2":0,"3":0,"4":0,"5":0,"6":0,"7":0,"8":0,"9":0,"10":0,"11":0,"12":0,"13":0,"14":0,"15":0,"16":0,"17":0,"18":0,"19":0,"20":0,"21":0,"22":0,"23":0},"f":{"0":0,"1":0,"2":0,"3":0,"4":0,"5":0,"6":0,"7":0,"8":0,"9":0,"10":0,"11":0,"12":0,"13":0,"14":0},"b":{},"_coverageSchema":"43e27e138ebf9cfc5966b082cf9a028302ed4184","hash":"7582537ac2b8e0804b27125e9987e2b3d42044c1"}
,"C:\\Users\\vbellamt\\Desktop\\vue\\dog-breed\\src\\views\\About.vue": {"path":"C:\\Users\\vbellamt\\Desktop\\vue\\dog-breed\\src\\views\\About.vue","statementMap":{"0":{"start":{"line":22,"column":0},"end":{"line":22,"column":null}},"1":{"start":{"line":26,"column":0},"end":{"line":26,"column":null}},"2":{"start":{"line":36,"column":0},"end":{"line":40,"column":null}},"3":{"start":{"line":37,"column":0},"end":{"line":37,"column":null}},"4":{"start":{"line":38,"column":0},"end":{"line":38,"column":null}},"5":{"start":{"line":39,"column":0},"end":{"line":39,"column":null}},"6":{"start":{"line":43,"column":0},"end":{"line":43,"column":null}},"7":{"start":{"line":44,"column":0},"end":{"line":44,"column":null}},"8":{"start":{"line":48,"column":0},"end":{"line":48,"column":null}},"9":{"start":{"line":54,"column":0},"end":{"line":54,"column":null}}},"fnMap":{"0":{"name":"(anonymous_1)","decl":{"start":{"line":25,"column":0},"end":{"line":25,"column":null}},"loc":{"start":{"line":25,"column":0},"end":{"line":33,"column":null}}},"1":{"name":"(anonymous_2)","decl":{"start":{"line":35,"column":0},"end":{"line":35,"column":null}},"loc":{"start":{"line":35,"column":0},"end":{"line":41,"column":null}}},"2":{"name":"(anonymous_3)","decl":{"start":{"line":36,"column":0},"end":{"line":36,"column":null}},"loc":{"start":{"line":36,"column":0},"end":{"line":40,"column":null}}},"3":{"name":"(anonymous_4)","decl":{"start":{"line":42,"column":0},"end":{"line":42,"column":null}},"loc":{"start":{"line":42,"column":0},"end":{"line":46,"column":null}}},"4":{"name":"(anonymous_5)","decl":{"start":{"line":47,"column":0},"end":{"line":47,"column":null}},"loc":{"start":{"line":47,"column":0},"end":{"line":49,"column":null}}},"5":{"name":"(anonymous_6)","decl":{"start":{"line":52,"column":0},"end":{"line":52,"column":null}},"loc":{"start":{"line":52,"column":0},"end":{"line":55,"column":null}}}},"branchMap":{},"s":{"0":0,"1":0,"2":0,"3":0,"4":0,"5":0,"6":0,"7":0,"8":0,"9":0},"f":{"0":0,"1":0,"2":0,"3":0,"4":0,"5":0},"b":{}}
,"C:\\Users\\vbellamt\\Desktop\\vue\\dog-breed\\src\\views\\Home.vue": {"path":"C:\\Users\\vbellamt\\Desktop\\vue\\dog-breed\\src\\views\\Home.vue","statementMap":{"0":{"start":{"line":36,"column":0},"end":{"line":36,"column":null}},"1":{"start":{"line":37,"column":0},"end":{"line":37,"column":null}},"2":{"start":{"line":38,"column":0},"end":{"line":38,"column":null}},"3":{"start":{"line":42,"column":0},"end":{"line":42,"column":null}},"4":{"start":{"line":49,"column":0},"end":{"line":49,"column":null}},"5":{"start":{"line":50,"column":0},"end":{"line":50,"column":null}},"6":{"start":{"line":61,"column":0},"end":{"line":61,"column":null}},"7":{"start":{"line":62,"column":0},"end":{"line":69,"column":null}},"8":{"start":{"line":64,"column":0},"end":{"line":64,"column":null}},"9":{"start":{"line":68,"column":0},"end":{"line":68,"column":null}},"10":{"start":{"line":75,"column":0},"end":{"line":75,"column":null}}},"fnMap":{"0":{"name":"(anonymous_1)","decl":{"start":{"line":41,"column":0},"end":{"line":41,"column":null}},"loc":{"start":{"line":41,"column":0},"end":{"line":47,"column":null}}},"1":{"name":"(anonymous_2)","decl":{"start":{"line":48,"column":0},"end":{"line":48,"column":null}},"loc":{"start":{"line":48,"column":0},"end":{"line":52,"column":null}}},"2":{"name":"(anonymous_3)","decl":{"start":{"line":59,"column":0},"end":{"line":59,"column":null}},"loc":{"start":{"line":59,"column":0},"end":{"line":70,"column":null}}},"3":{"name":"(anonymous_4)","decl":{"start":{"line":74,"column":0},"end":{"line":74,"column":null}},"loc":{"start":{"line":74,"column":0},"end":{"line":76,"column":null}}}},"branchMap":{"0":{"loc":{"start":{"line":62,"column":0},"end":{"line":69,"column":null}},"type":"if","locations":[{"start":{"line":62,"column":0},"end":{"line":69,"column":null}},{"start":{"line":62,"column":0},"end":{"line":69,"column":null}}]}},"s":{"0":0,"1":0,"2":0,"3":0,"4":0,"5":0,"6":0,"7":0,"8":0,"9":0,"10":0},"f":{"0":0,"1":0,"2":0,"3":0},"b":{"0":[0,0]}}
,"C:\\Users\\vbellamt\\Desktop\\vue\\dog-breed\\src\\views\\PageNotFound.vue": {"path":"C:\\Users\\vbellamt\\Desktop\\vue\\dog-breed\\src\\views\\PageNotFound.vue","statementMap":{"0":{"start":{"line":18,"column":0},"end":{"line":18,"column":null}}},"fnMap":{"0":{"name":"(anonymous_1)","decl":{"start":{"line":17,"column":0},"end":{"line":17,"column":null}},"loc":{"start":{"line":17,"column":0},"end":{"line":19,"column":null}}}},"branchMap":{},"s":{"0":0},"f":{"0":0},"b":{}}
}
