{"C:\\Users\\vbellamt\\Desktop\\vue\\dog-breed\\src\\components\\Search.vue": {"path":"C:\\Users\\vbellamt\\Desktop\\vue\\dog-breed\\src\\components\\Search.vue","statementMap":{"0":{"start":{"line":24,"column":0},"end":{"line":24,"column":null}},"1":{"start":{"line":32,"column":0},"end":{"line":32,"column":null}},"2":{"start":{"line":33,"column":0},"end":{"line":37,"column":null}},"3":{"start":{"line":34,"column":0},"end":{"line":34,"column":null}},"4":{"start":{"line":36,"column":0},"end":{"line":36,"column":null}},"5":{"start":{"line":40,"column":0},"end":{"line":45,"column":null}},"6":{"start":{"line":41,"column":0},"end":{"line":41,"column":null}}},"fnMap":{"0":{"name":"(anonymous_1)","decl":{"start":{"line":23,"column":0},"end":{"line":23,"column":null}},"loc":{"start":{"line":23,"column":0},"end":{"line":29,"column":null}}},"1":{"name":"(anonymous_2)","decl":{"start":{"line":31,"column":0},"end":{"line":31,"column":null}},"loc":{"start":{"line":31,"column":0},"end":{"line":38,"column":null}}},"2":{"name":"(anonymous_3)","decl":{"start":{"line":39,"column":0},"end":{"line":39,"column":null}},"loc":{"start":{"line":39,"column":0},"end":{"line":46,"column":null}}}},"branchMap":{"0":{"loc":{"start":{"line":33,"column":0},"end":{"line":37,"column":null}},"type":"if","locations":[{"start":{"line":33,"column":0},"end":{"line":37,"column":null}},{"start":{"line":33,"column":0},"end":{"line":37,"column":null}}]},"1":{"loc":{"start":{"line":40,"column":0},"end":{"line":45,"column":null}},"type":"if","locations":[{"start":{"line":40,"column":0},"end":{"line":45,"column":null}},{"start":{"line":40,"column":0},"end":{"line":45,"column":null}}]}},"s":{"0":5,"1":2,"2":1,"3":0,"4":0,"5":0,"6":0},"f":{"0":5,"1":2,"2":0},"b":{"0":[0,0],"1":[0,0]}}
,"C:\\Users\\vbellamt\\Desktop\\vue\\dog-breed\\src\\router\\index.js": {"path":"C:\\Users\\vbellamt\\Desktop\\vue\\dog-breed\\src\\router\\index.js","statementMap":{"0":{"start":{"line":7,"column":0},"end":{"line":7,"column":19}},"1":{"start":{"line":9,"column":15},"end":{"line":24,"column":1}},"2":{"start":{"line":26,"column":15},"end":{"line":30,"column":2}}},"fnMap":{},"branchMap":{},"s":{"0":1,"1":1,"2":1},"f":{},"b":{},"_coverageSchema":"43e27e138ebf9cfc5966b082cf9a028302ed4184","hash":"62c266b621918ab961037649a6f73fd3968648da"}
,"C:\\Users\\vbellamt\\Desktop\\vue\\dog-breed\\src\\service\\api.service.js": {"path":"C:\\Users\\vbellamt\\Desktop\\vue\\dog-breed\\src\\service\\api.service.js","statementMap":{"0":{"start":{"line":4,"column":4},"end":{"line":10,"column":5}},"1":{"start":{"line":5,"column":8},"end":{"line":5,"column":82}},"2":{"start":{"line":9,"column":8},"end":{"line":9,"column":98}},"3":{"start":{"line":13,"column":4},"end":{"line":13,"column":60}},"4":{"start":{"line":16,"column":4},"end":{"line":16,"column":75}},"5":{"start":{"line":19,"column":4},"end":{"line":19,"column":67}}},"fnMap":{"0":{"name":"getAllDogImage","decl":{"start":{"line":3,"column":16},"end":{"line":3,"column":30}},"loc":{"start":{"line":3,"column":54},"end":{"line":11,"column":1}},"line":3},"1":{"name":"getAllDogsList","decl":{"start":{"line":12,"column":16},"end":{"line":12,"column":30}},"loc":{"start":{"line":12,"column":33},"end":{"line":14,"column":1}},"line":12},"2":{"name":"getDogRandomImage","decl":{"start":{"line":15,"column":16},"end":{"line":15,"column":33}},"loc":{"start":{"line":15,"column":43},"end":{"line":17,"column":1}},"line":15},"3":{"name":"getHomeDogRandomImage","decl":{"start":{"line":18,"column":16},"end":{"line":18,"column":37}},"loc":{"start":{"line":18,"column":40},"end":{"line":20,"column":1}},"line":18}},"branchMap":{"0":{"loc":{"start":{"line":4,"column":4},"end":{"line":10,"column":5}},"type":"if","locations":[{"start":{"line":4,"column":4},"end":{"line":10,"column":5}},{"start":{"line":4,"column":4},"end":{"line":10,"column":5}}],"line":4}},"s":{"0":6,"1":6,"2":0,"3":0,"4":0,"5":0},"f":{"0":6,"1":0,"2":0,"3":0},"b":{"0":[6,0]},"_coverageSchema":"43e27e138ebf9cfc5966b082cf9a028302ed4184","hash":"ba51cb5a341ed8eda29cd53bb3d740ff6e3ad631"}
,"C:\\Users\\vbellamt\\Desktop\\vue\\dog-breed\\src\\store\\index.js": {"path":"C:\\Users\\vbellamt\\Desktop\\vue\\dog-breed\\src\\store\\index.js","statementMap":{"0":{"start":{"line":5,"column":0},"end":{"line":5,"column":14}},"1":{"start":{"line":18,"column":6},"end":{"line":18,"column":49}},"2":{"start":{"line":21,"column":6},"end":{"line":21,"column":36}},"3":{"start":{"line":24,"column":6},"end":{"line":24,"column":34}},"4":{"start":{"line":27,"column":6},"end":{"line":27,"column":42}},"5":{"start":{"line":30,"column":6},"end":{"line":30,"column":30}},"6":{"start":{"line":33,"column":6},"end":{"line":33,"column":36}},"7":{"start":{"line":38,"column":6},"end":{"line":44,"column":10}},"8":{"start":{"line":39,"column":35},"end":{"line":39,"column":54}},"9":{"start":{"line":40,"column":8},"end":{"line":40,"column":57}},"10":{"start":{"line":43,"column":10},"end":{"line":43,"column":29}},"11":{"start":{"line":47,"column":6},"end":{"line":64,"column":10}},"12":{"start":{"line":48,"column":27},"end":{"line":48,"column":59}},"13":{"start":{"line":49,"column":8},"end":{"line":49,"column":44}},"14":{"start":{"line":50,"column":24},"end":{"line":50,"column":43}},"15":{"start":{"line":51,"column":8},"end":{"line":51,"column":42}},"16":{"start":{"line":52,"column":8},"end":{"line":60,"column":10}},"17":{"start":{"line":53,"column":10},"end":{"line":59,"column":14}},"18":{"start":{"line":54,"column":27},"end":{"line":54,"column":46}},"19":{"start":{"line":55,"column":12},"end":{"line":55,"column":50}},"20":{"start":{"line":58,"column":14},"end":{"line":58,"column":33}},"21":{"start":{"line":63,"column":10},"end":{"line":63,"column":29}}},"fnMap":{"0":{"name":"(anonymous_0)","decl":{"start":{"line":17,"column":4},"end":{"line":17,"column":5}},"loc":{"start":{"line":17,"column":51},"end":{"line":19,"column":5}},"line":17},"1":{"name":"(anonymous_1)","decl":{"start":{"line":20,"column":4},"end":{"line":20,"column":5}},"loc":{"start":{"line":20,"column":38},"end":{"line":22,"column":5}},"line":20},"2":{"name":"(anonymous_2)","decl":{"start":{"line":23,"column":4},"end":{"line":23,"column":5}},"loc":{"start":{"line":23,"column":36},"end":{"line":25,"column":5}},"line":23},"3":{"name":"(anonymous_3)","decl":{"start":{"line":26,"column":4},"end":{"line":26,"column":5}},"loc":{"start":{"line":26,"column":40},"end":{"line":28,"column":5}},"line":26},"4":{"name":"(anonymous_4)","decl":{"start":{"line":29,"column":4},"end":{"line":29,"column":5}},"loc":{"start":{"line":29,"column":32},"end":{"line":31,"column":5}},"line":29},"5":{"name":"(anonymous_5)","decl":{"start":{"line":32,"column":4},"end":{"line":32,"column":5}},"loc":{"start":{"line":32,"column":38},"end":{"line":34,"column":5}},"line":32},"6":{"name":"(anonymous_6)","decl":{"start":{"line":37,"column":4},"end":{"line":37,"column":5}},"loc":{"start":{"line":37,"column":44},"end":{"line":45,"column":5}},"line":37},"7":{"name":"(anonymous_7)","decl":{"start":{"line":38,"column":41},"end":{"line":38,"column":42}},"loc":{"start":{"line":38,"column":53},"end":{"line":41,"column":7}},"line":38},"8":{"name":"(anonymous_8)","decl":{"start":{"line":42,"column":15},"end":{"line":42,"column":16}},"loc":{"start":{"line":42,"column":24},"end":{"line":44,"column":9}},"line":42},"9":{"name":"(anonymous_9)","decl":{"start":{"line":46,"column":4},"end":{"line":46,"column":5}},"loc":{"start":{"line":46,"column":37},"end":{"line":65,"column":5}},"line":46},"10":{"name":"(anonymous_10)","decl":{"start":{"line":47,"column":34},"end":{"line":47,"column":35}},"loc":{"start":{"line":47,"column":46},"end":{"line":61,"column":7}},"line":47},"11":{"name":"(anonymous_11)","decl":{"start":{"line":52,"column":32},"end":{"line":52,"column":33}},"loc":{"start":{"line":52,"column":45},"end":{"line":60,"column":9}},"line":52},"12":{"name":"(anonymous_12)","decl":{"start":{"line":53,"column":42},"end":{"line":53,"column":43}},"loc":{"start":{"line":53,"column":54},"end":{"line":56,"column":11}},"line":53},"13":{"name":"(anonymous_13)","decl":{"start":{"line":57,"column":19},"end":{"line":57,"column":20}},"loc":{"start":{"line":57,"column":28},"end":{"line":59,"column":13}},"line":57},"14":{"name":"(anonymous_14)","decl":{"start":{"line":62,"column":15},"end":{"line":62,"column":16}},"loc":{"start":{"line":62,"column":24},"end":{"line":64,"column":9}},"line":62}},"branchMap":{},"s":{"0":1,"1":0,"2":0,"3":0,"4":0,"5":0,"6":0,"7":0,"8":0,"9":0,"10":0,"11":0,"12":0,"13":0,"14":0,"15":0,"16":0,"17":0,"18":0,"19":0,"20":0,"21":0},"f":{"0":0,"1":0,"2":0,"3":0,"4":0,"5":0,"6":0,"7":0,"8":0,"9":0,"10":0,"11":0,"12":0,"13":0,"14":0},"b":{},"_coverageSchema":"43e27e138ebf9cfc5966b082cf9a028302ed4184","hash":"750a487e86be1d92dea4b3d31b77e11b9ee25c3f"}
,"C:\\Users\\vbellamt\\Desktop\\vue\\dog-breed\\src\\views\\About.vue": {"path":"C:\\Users\\vbellamt\\Desktop\\vue\\dog-breed\\src\\views\\About.vue","statementMap":{"0":{"start":{"line":19,"column":0},"end":{"line":19,"column":null}},"1":{"start":{"line":23,"column":0},"end":{"line":23,"column":null}},"2":{"start":{"line":31,"column":0},"end":{"line":31,"column":null}},"3":{"start":{"line":35,"column":0},"end":{"line":37,"column":null}},"4":{"start":{"line":36,"column":0},"end":{"line":36,"column":null}}},"fnMap":{"0":{"name":"(anonymous_1)","decl":{"start":{"line":22,"column":0},"end":{"line":22,"column":null}},"loc":{"start":{"line":22,"column":0},"end":{"line":28,"column":null}}},"1":{"name":"(anonymous_2)","decl":{"start":{"line":30,"column":0},"end":{"line":30,"column":null}},"loc":{"start":{"line":30,"column":0},"end":{"line":32,"column":null}}},"2":{"name":"(anonymous_3)","decl":{"start":{"line":34,"column":0},"end":{"line":34,"column":null}},"loc":{"start":{"line":34,"column":0},"end":{"line":38,"column":null}}},"3":{"name":"(anonymous_4)","decl":{"start":{"line":35,"column":0},"end":{"line":35,"column":null}},"loc":{"start":{"line":35,"column":0},"end":{"line":37,"column":null}}}},"branchMap":{},"s":{"0":2,"1":6,"2":0,"3":6,"4":0},"f":{"0":6,"1":0,"2":6,"3":0},"b":{}}
,"C:\\Users\\vbellamt\\Desktop\\vue\\dog-breed\\src\\views\\Home.vue": {"path":"C:\\Users\\vbellamt\\Desktop\\vue\\dog-breed\\src\\views\\Home.vue","statementMap":{"0":{"start":{"line":48,"column":0},"end":{"line":48,"column":null}},"1":{"start":{"line":49,"column":0},"end":{"line":49,"column":null}},"2":{"start":{"line":50,"column":0},"end":{"line":50,"column":null}},"3":{"start":{"line":54,"column":0},"end":{"line":54,"column":null}},"4":{"start":{"line":61,"column":0},"end":{"line":61,"column":null}},"5":{"start":{"line":62,"column":0},"end":{"line":62,"column":null}},"6":{"start":{"line":71,"column":0},"end":{"line":71,"column":null}},"7":{"start":{"line":72,"column":0},"end":{"line":72,"column":null}},"8":{"start":{"line":73,"column":0},"end":{"line":77,"column":null}},"9":{"start":{"line":74,"column":0},"end":{"line":74,"column":null}},"10":{"start":{"line":76,"column":0},"end":{"line":76,"column":null}},"11":{"start":{"line":82,"column":0},"end":{"line":82,"column":null}}},"fnMap":{"0":{"name":"(anonymous_1)","decl":{"start":{"line":53,"column":0},"end":{"line":53,"column":null}},"loc":{"start":{"line":53,"column":0},"end":{"line":59,"column":null}}},"1":{"name":"(anonymous_2)","decl":{"start":{"line":60,"column":0},"end":{"line":60,"column":null}},"loc":{"start":{"line":60,"column":0},"end":{"line":63,"column":null}}},"2":{"name":"(anonymous_3)","decl":{"start":{"line":70,"column":0},"end":{"line":70,"column":null}},"loc":{"start":{"line":70,"column":0},"end":{"line":78,"column":null}}},"3":{"name":"(anonymous_4)","decl":{"start":{"line":81,"column":0},"end":{"line":81,"column":null}},"loc":{"start":{"line":81,"column":0},"end":{"line":86,"column":null}}}},"branchMap":{"0":{"loc":{"start":{"line":73,"column":0},"end":{"line":77,"column":null}},"type":"if","locations":[{"start":{"line":73,"column":0},"end":{"line":77,"column":null}},{"start":{"line":73,"column":0},"end":{"line":77,"column":null}}]}},"s":{"0":2,"1":2,"2":2,"3":10,"4":10,"5":10,"6":0,"7":0,"8":0,"9":0,"10":0,"11":0},"f":{"0":10,"1":10,"2":0,"3":0},"b":{"0":[0,0]}}
,"C:\\Users\\vbellamt\\Desktop\\vue\\dog-breed\\src\\views\\PageNotFound.vue": {"path":"C:\\Users\\vbellamt\\Desktop\\vue\\dog-breed\\src\\views\\PageNotFound.vue","statementMap":{"0":{"start":{"line":18,"column":0},"end":{"line":18,"column":null}}},"fnMap":{"0":{"name":"(anonymous_1)","decl":{"start":{"line":17,"column":0},"end":{"line":17,"column":null}},"loc":{"start":{"line":17,"column":0},"end":{"line":21,"column":null}}}},"branchMap":{},"s":{"0":0},"f":{"0":0},"b":{}}
}
