TN:
SF:C:\Users\vbellamt\Desktop\vue\dog-breed\src\components\Footer.vue
FN:10,(anonymous_1)
FNF:1
FNH:1
FNDA:5,(anonymous_1)
DA:11,5
LF:1
LH:1
BRF:0
BRH:0
end_of_record
TN:
SF:C:\Users\vbellamt\Desktop\vue\dog-breed\src\components\Header.vue
FN:12,(anonymous_1)
FNF:1
FNH:1
FNDA:4,(anonymous_1)
DA:13,4
LF:1
LH:1
BRF:0
BRH:0
end_of_record
TN:
SF:C:\Users\vbellamt\Desktop\vue\dog-breed\src\components\Search.vue
FN:27,(anonymous_1)
FN:35,(anonymous_2)
FN:43,(anonymous_3)
FNF:3
FNH:3
FNDA:6,(anonymous_1)
FNDA:4,(anonymous_2)
FNDA:1,(anonymous_3)
DA:28,6
DA:36,4
DA:37,4
DA:38,2
DA:40,2
DA:44,1
LF:6
LH:6
BRDA:37,0,0,2
BRDA:37,0,1,2
BRF:2
BRH:2
end_of_record
TN:
SF:C:\Users\vbellamt\Desktop\vue\dog-breed\src\router\index.js
FNF:0
FNH:0
DA:7,2
DA:9,2
DA:26,2
LF:3
LH:3
BRF:0
BRH:0
end_of_record
TN:
SF:C:\Users\vbellamt\Desktop\vue\dog-breed\src\service\api.service.js
FN:3,getAllDogImage
FN:12,getAllDogsList
FN:15,getDogRandomImage
FN:18,getHomeDogRandomImages
FNF:4
FNH:1
FNDA:6,getAllDogImage
FNDA:0,getAllDogsList
FNDA:0,getDogRandomImage
FNDA:0,getHomeDogRandomImages
DA:4,6
DA:5,6
DA:9,0
DA:13,0
DA:16,0
DA:19,0
LF:6
LH:2
BRDA:4,0,0,6
BRDA:4,0,1,0
BRF:2
BRH:1
end_of_record
TN:
SF:C:\Users\vbellamt\Desktop\vue\dog-breed\src\store\index.js
FN:11,(anonymous_0)
FN:14,(anonymous_1)
FN:17,(anonymous_2)
FN:20,(anonymous_3)
FN:23,(anonymous_4)
FN:26,(anonymous_5)
FN:31,(anonymous_6)
FN:32,(anonymous_7)
FN:36,(anonymous_8)
FN:40,(anonymous_9)
FN:41,(anonymous_10)
FN:46,(anonymous_11)
FN:47,(anonymous_12)
FN:51,(anonymous_13)
FN:56,(anonymous_14)
FNF:15
FNH:9
FNDA:1,(anonymous_0)
FNDA:1,(anonymous_1)
FNDA:1,(anonymous_2)
FNDA:1,(anonymous_3)
FNDA:1,(anonymous_4)
FNDA:1,(anonymous_5)
FNDA:1,(anonymous_6)
FNDA:1,(anonymous_7)
FNDA:1,(anonymous_8)
FNDA:0,(anonymous_9)
FNDA:0,(anonymous_10)
FNDA:0,(anonymous_11)
FNDA:0,(anonymous_12)
FNDA:0,(anonymous_13)
FNDA:0,(anonymous_14)
DA:2,1
DA:10,1
DA:12,1
DA:15,1
DA:18,1
DA:21,1
DA:24,1
DA:27,1
DA:30,1
DA:32,1
DA:33,1
DA:34,1
DA:37,1
DA:41,0
DA:42,0
DA:43,0
DA:44,0
DA:45,0
DA:46,0
DA:47,0
DA:48,0
DA:49,0
DA:52,0
DA:57,0
LF:24
LH:13
BRF:0
BRH:0
end_of_record
TN:
SF:C:\Users\vbellamt\Desktop\vue\dog-breed\src\views\About.vue
FN:31,(anonymous_1)
FN:39,(anonymous_2)
FN:43,(anonymous_3)
FN:44,(anonymous_4)
FNF:4
FNH:3
FNDA:6,(anonymous_1)
FNDA:1,(anonymous_2)
FNDA:6,(anonymous_3)
FNDA:0,(anonymous_4)
DA:27,3
DA:32,6
DA:40,1
DA:44,6
DA:45,0
LF:5
LH:4
BRF:0
BRH:0
end_of_record
TN:
SF:C:\Users\vbellamt\Desktop\vue\dog-breed\src\views\Home.vue
FN:87,(anonymous_1)
FN:94,(anonymous_2)
FN:104,(anonymous_3)
FN:115,(anonymous_4)
FNF:4
FNH:4
FNDA:12,(anonymous_1)
FNDA:12,(anonymous_2)
FNDA:2,(anonymous_3)
FNDA:1,(anonymous_4)
DA:82,3
DA:83,3
DA:84,3
DA:88,12
DA:95,12
DA:96,12
DA:105,2
DA:106,2
DA:107,2
DA:108,1
DA:110,1
DA:116,1
LF:12
LH:12
BRDA:107,0,0,1
BRDA:107,0,1,1
BRF:2
BRH:2
end_of_record
TN:
SF:C:\Users\vbellamt\Desktop\vue\dog-breed\src\views\PageNotFound.vue
FN:19,(anonymous_1)
FNF:1
FNH:1
FNDA:1,(anonymous_1)
DA:20,1
LF:1
LH:1
BRF:0
BRH:0
end_of_record
