TN:
SF:C:\Users\vbellamt\Desktop\vue\dog-breed\src\components\Search.vue
FN:27,(anonymous_1)
FN:35,(anonymous_2)
FN:43,(anonymous_3)
FNF:3
FNH:3
FNDA:6,(anonymous_1)
FNDA:4,(anonymous_2)
FNDA:1,(anonymous_3)
DA:28,6
DA:36,4
DA:37,4
DA:38,2
DA:40,2
DA:44,1
LF:6
LH:6
BRDA:37,0,0,2
BRDA:37,0,1,2
BRF:2
BRH:2
end_of_record
TN:
SF:C:\Users\vbellamt\Desktop\vue\dog-breed\src\router\index.js
FNF:0
FNH:0
DA:7,2
DA:9,2
DA:26,2
LF:3
LH:3
BRF:0
BRH:0
end_of_record
TN:
SF:C:\Users\vbellamt\Desktop\vue\dog-breed\src\service\api.service.js
FN:3,getAllDogImage
FN:12,getAllDogsList
FN:15,getDogRandomImage
FN:18,getHomeDogRandomImages
FNF:4
FNH:1
FNDA:6,getAllDogImage
FNDA:0,getAllDogsList
FNDA:0,getDogRandomImage
FNDA:0,getHomeDogRandomImages
DA:4,6
DA:5,6
DA:9,0
DA:13,0
DA:16,0
DA:19,0
LF:6
LH:2
BRDA:4,0,0,6
BRDA:4,0,1,0
BRF:2
BRH:1
end_of_record
TN:
SF:C:\Users\vbellamt\Desktop\vue\dog-breed\src\store\index.js
FN:14,(anonymous_0)
FN:17,(anonymous_1)
FN:20,(anonymous_2)
FN:23,(anonymous_3)
FN:26,(anonymous_4)
FN:29,(anonymous_5)
FN:34,(anonymous_6)
FN:35,(anonymous_7)
FN:38,(anonymous_8)
FN:42,(anonymous_9)
FN:43,(anonymous_10)
FN:48,(anonymous_11)
FN:49,(anonymous_12)
FN:53,(anonymous_13)
FN:58,(anonymous_14)
FNF:15
FNH:9
FNDA:1,(anonymous_0)
FNDA:1,(anonymous_1)
FNDA:1,(anonymous_2)
FNDA:1,(anonymous_3)
FNDA:1,(anonymous_4)
FNDA:1,(anonymous_5)
FNDA:1,(anonymous_6)
FNDA:1,(anonymous_7)
FNDA:1,(anonymous_8)
FNDA:0,(anonymous_9)
FNDA:0,(anonymous_10)
FNDA:0,(anonymous_11)
FNDA:0,(anonymous_12)
FNDA:0,(anonymous_13)
FNDA:0,(anonymous_14)
DA:5,1
DA:13,1
DA:15,1
DA:18,1
DA:21,1
DA:24,1
DA:27,1
DA:30,1
DA:33,1
DA:35,1
DA:36,1
DA:39,1
DA:43,0
DA:44,0
DA:45,0
DA:46,0
DA:47,0
DA:48,0
DA:49,0
DA:50,0
DA:51,0
DA:54,0
DA:59,0
LF:23
LH:12
BRF:0
BRH:0
end_of_record
TN:
SF:C:\Users\vbellamt\Desktop\vue\dog-breed\src\views\About.vue
FN:22,(anonymous_1)
FN:30,(anonymous_2)
FN:34,(anonymous_3)
FN:35,(anonymous_4)
FNF:4
FNH:3
FNDA:6,(anonymous_1)
FNDA:1,(anonymous_2)
FNDA:6,(anonymous_3)
FNDA:0,(anonymous_4)
DA:19,3
DA:23,6
DA:31,1
DA:35,6
DA:36,0
LF:5
LH:4
BRF:0
BRH:0
end_of_record
TN:
SF:C:\Users\vbellamt\Desktop\vue\dog-breed\src\views\Home.vue
FN:53,(anonymous_1)
FN:60,(anonymous_2)
FN:70,(anonymous_3)
FN:82,(anonymous_4)
FNF:4
FNH:4
FNDA:12,(anonymous_1)
FNDA:12,(anonymous_2)
FNDA:2,(anonymous_3)
FNDA:1,(anonymous_4)
DA:48,3
DA:49,3
DA:50,3
DA:54,12
DA:61,12
DA:62,12
DA:71,2
DA:72,2
DA:74,2
DA:75,1
DA:77,1
DA:83,1
LF:12
LH:12
BRDA:74,0,0,1
BRDA:74,0,1,1
BRF:2
BRH:2
end_of_record
TN:
SF:C:\Users\vbellamt\Desktop\vue\dog-breed\src\views\PageNotFound.vue
FN:19,(anonymous_1)
FNF:1
FNH:1
FNDA:1,(anonymous_1)
DA:20,1
LF:1
LH:1
BRF:0
BRH:0
end_of_record
